Performing C SOURCE FILE Test CMAKE_HAVE_LIBC_PTHREAD failed with the following output:
Change Dir: /home/topxgun/job_topxgun/develop/bspline_surface/build/CMakeFiles/CMakeTmp

Run Build Command(s):/usr/bin/make cmTC_512e9/fast && make[1]: 进入目录“/home/topxgun/job_topxgun/develop/bspline_surface/build/CMakeFiles/CMakeTmp”
/usr/bin/make -f CMakeFiles/cmTC_512e9.dir/build.make CMakeFiles/cmTC_512e9.dir/build
make[2]: 进入目录“/home/topxgun/job_topxgun/develop/bspline_surface/build/CMakeFiles/CMakeTmp”
Building C object CMakeFiles/cmTC_512e9.dir/src.c.o
/usr/bin/cc   -DCMAKE_HAVE_LIBC_PTHREAD   -o CMakeFiles/cmTC_512e9.dir/src.c.o   -c /home/topxgun/job_topxgun/develop/bspline_surface/build/CMakeFiles/CMakeTmp/src.c
Linking C executable cmTC_512e9
/usr/bin/cmake -E cmake_link_script CMakeFiles/cmTC_512e9.dir/link.txt --verbose=1
/usr/bin/cc   -DCMAKE_HAVE_LIBC_PTHREAD    -rdynamic CMakeFiles/cmTC_512e9.dir/src.c.o  -o cmTC_512e9 
/usr/bin/ld: CMakeFiles/cmTC_512e9.dir/src.c.o: in function `main':
src.c:(.text+0x46): undefined reference to `pthread_create'
/usr/bin/ld: src.c:(.text+0x52): undefined reference to `pthread_detach'
/usr/bin/ld: src.c:(.text+0x63): undefined reference to `pthread_join'
collect2: error: ld returned 1 exit status
make[2]: *** [CMakeFiles/cmTC_512e9.dir/build.make:87：cmTC_512e9] 错误 1
make[2]: 离开目录“/home/topxgun/job_topxgun/develop/bspline_surface/build/CMakeFiles/CMakeTmp”
make[1]: *** [Makefile:121：cmTC_512e9/fast] 错误 2
make[1]: 离开目录“/home/topxgun/job_topxgun/develop/bspline_surface/build/CMakeFiles/CMakeTmp”


Source file was:
#include <pthread.h>

void* test_func(void* data)
{
  return data;
}

int main(void)
{
  pthread_t thread;
  pthread_create(&thread, NULL, test_func, NULL);
  pthread_detach(thread);
  pthread_join(thread, NULL);
  pthread_atfork(NULL, NULL, NULL);
  pthread_exit(NULL);

  return 0;
}

Determining if the function pthread_create exists in the pthreads failed with the following output:
Change Dir: /home/topxgun/job_topxgun/develop/bspline_surface/build/CMakeFiles/CMakeTmp

Run Build Command(s):/usr/bin/make cmTC_3668a/fast && make[1]: 进入目录“/home/topxgun/job_topxgun/develop/bspline_surface/build/CMakeFiles/CMakeTmp”
/usr/bin/make -f CMakeFiles/cmTC_3668a.dir/build.make CMakeFiles/cmTC_3668a.dir/build
make[2]: 进入目录“/home/topxgun/job_topxgun/develop/bspline_surface/build/CMakeFiles/CMakeTmp”
Building C object CMakeFiles/cmTC_3668a.dir/CheckFunctionExists.c.o
/usr/bin/cc   -DCHECK_FUNCTION_EXISTS=pthread_create   -o CMakeFiles/cmTC_3668a.dir/CheckFunctionExists.c.o   -c /usr/share/cmake-3.16/Modules/CheckFunctionExists.c
Linking C executable cmTC_3668a
/usr/bin/cmake -E cmake_link_script CMakeFiles/cmTC_3668a.dir/link.txt --verbose=1
/usr/bin/cc   -DCHECK_FUNCTION_EXISTS=pthread_create    -rdynamic CMakeFiles/cmTC_3668a.dir/CheckFunctionExists.c.o  -o cmTC_3668a  -lpthreads 
/usr/bin/ld: 找不到 -lpthreads
collect2: error: ld returned 1 exit status
make[2]: *** [CMakeFiles/cmTC_3668a.dir/build.make:87：cmTC_3668a] 错误 1
make[2]: 离开目录“/home/topxgun/job_topxgun/develop/bspline_surface/build/CMakeFiles/CMakeTmp”
make[1]: *** [Makefile:121：cmTC_3668a/fast] 错误 2
make[1]: 离开目录“/home/topxgun/job_topxgun/develop/bspline_surface/build/CMakeFiles/CMakeTmp”



